 Parameter: WORKDIR <- "/PUBHOME/QCXIA02/WORK/ESPALOMAC/EXAMPLES/SCRIPTS/UTILS"
 Parameter: RESI <- "OPENFFGE"
 Parameter: CGENFF <- "TRUE"
 Parameter: MODCUTOFF <- "TRUE"
 Parameter: STR <- "/PUBHOME/QCXIA02/WORK/ESPALOMAC/EXAMPLES/SCRIPTS/UTILS/TEST.STR"
 Parameter: CRD <- "/PUBHOME/QCXIA02/WORK/ESPALOMAC/EXAMPLES/SCRIPTS/UTILS/TEST.CRD"
1
                 Chemistry at HARvard Macromolecular Mechanics
                (CHARMM) - Free Version 46b2   February 15, 2021                
                                   d2ec16228                                    
       Copyright(c) 1984-2020  President and Fellows of Harvard College
                              All Rights Reserved
  Current operating system: Linux-3.10.0-1160.62.1.el7.x86_64(x86_64)@z55.hn.   
                 Created on  6/22/22 at 11:08:42 by user: qcxia02     

            Maximum number of ATOMS:    360720, and RESidues:      120240
 RDTITL> * ENERGY CALCULATION
 RDTITL>  
  
 CHARMM>     
  
 CHARMM>    bomlev 0
  
 CHARMM>     
  
 CHARMM>     
  
 CHARMM>    !@workdir
 CHARMM>    if @?workdir eq 1 then
 Comparing "1" and "1".
 IF test evaluated as true.  Performing command
  
 CHARMM>       set workdir @workdir
 Parameter: WORKDIR -> "/PUBHOME/QCXIA02/WORK/ESPALOMAC/EXAMPLES/SCRIPTS/UTILS"
 Parameter: WORKDIR <- "/PUBHOME/QCXIA02/WORK/ESPALOMAC/EXAMPLES/SCRIPTS/UTILS"
  
 CHARMM>    else
 Skip commands until next ENDIF
  
 CHARMM>     
  
 CHARMM>    !@resi
 CHARMM>    read sequence @resi 1
 Parameter: RESI -> "OPENFFGE"
  
 CHARMM>     
  
 CHARMM>    !@cgenff
 CHARMM>    if @cgenff eq true then
 Parameter: CGENFF -> "TRUE"
 Comparing "TRUE" and "TRUE".
 IF test evaluated as true.  Performing command
  
 CHARMM>       set toppar @workdir/toppar
 Parameter: WORKDIR -> "/PUBHOME/QCXIA02/WORK/ESPALOMAC/EXAMPLES/SCRIPTS/UTILS"
 Parameter: TOPPAR <- "/PUBHOME/QCXIA02/WORK/ESPALOMAC/EXAMPLES/SCRIPTS/UTILS/TOPPAR"
  
 CHARMM>       stream @workdir/toppar.str
 Parameter: WORKDIR -> "/PUBHOME/QCXIA02/WORK/ESPALOMAC/EXAMPLES/SCRIPTS/UTILS"
 VOPEN> Attempting to open::/pubhome/qcxia02/work/espalomac/examples/scripts/utils/toppar.str::
 OPNLGU> Unit 99 opened for READONLY access to /pubhome/qcxia02/work/espalomac/examples/scripts/utils/toppar.str

                    INPUT STREAM SWITCHING TO UNIT    99
 RDTITL> * GENERATED BY ANMOL KUMAR ON JAN 21 2022.
 RDTITL> * STREAM FILE FOR TOPOLOGY AND PARAMETER READING
 RDTITL> *
 Parameter: IN1 <- "" <empty>
  
 CHARMM>     
  
 CHARMM>    ! protein topology and parameter
 CHARMM>    open read card unit 10 name @toppar/top_all36_prot.rtf
 Parameter: TOPPAR -> "/PUBHOME/QCXIA02/WORK/ESPALOMAC/EXAMPLES/SCRIPTS/UTILS/TOPPAR"
 VOPEN> Attempting to open::/pubhome/qcxia02/work/espalomac/examples/scripts/utils/toppar/top_all36_prot.rtf::
 OPNLGU> Unit 10 opened for READONLY access to /pubhome/qcxia02/work/espalomac/examples/scripts/utils/toppar/top_all36_prot.rtf
  
 CHARMM>    read  rtf card unit 10
 MAINIO> Residue topology file being read from unit  10.
 TITLE> *>>>>>>>>CHARMM36 ALL-HYDROGEN TOPOLOGY FILE FOR PROTEINS <<<<<<
 TITLE> *>>>>> INCLUDES PHI, PSI CROSS TERM MAP (CMAP) CORRECTION <<<<<<<
 TITLE> *>>>>>>>>>>>>>>>>>>>>>>>>>> MAY 2011 <<<<<<<<<<<<<<<<<<<<<<<<<<<<
 TITLE> * ALL COMMENTS TO THE CHARMM WEB SITE: WWW.CHARMM.ORG
 TITLE> *             PARAMETER SET DISCUSSION FORUM
 TITLE> *
  
 CHARMM>     
  
 CHARMM>    open read card unit 20 name @toppar/par_all36m_prot.prm
 Parameter: TOPPAR -> "/PUBHOME/QCXIA02/WORK/ESPALOMAC/EXAMPLES/SCRIPTS/UTILS/TOPPAR"
 VOPEN> Attempting to open::/pubhome/qcxia02/work/espalomac/examples/scripts/utils/toppar/par_all36m_prot.prm::
 OPNLGU> Unit 20 opened for READONLY access to /pubhome/qcxia02/work/espalomac/examples/scripts/utils/toppar/par_all36m_prot.prm
  
 CHARMM>    read para card unit 20 flex

          PARAMETER FILE BEING READ FROM UNIT 20
 TITLE> *>>>> CHARMM36 ALL-HYDROGEN PARAMETER FILE FOR PROTEINS <<<<<<<<<<
 TITLE> *>>>>> INCLUDES PHI, PSI CROSS TERM MAP (CMAP) CORRECTION <<<<<<<<
 TITLE> *>>>>>>>>>>>>>>>>>>>>>>>>>> JAN. 2016 <<<<<<<<<<<<<<<<<<<<<<<<<<<<
 TITLE> * ALL COMMENTS TO THE CHARMM WEB SITE: WWW.CHARMM.ORG
 TITLE> *             PARAMETER SET DISCUSSION FORUM
 TITLE> *
 PARMIO> NONBOND, HBOND lists and IMAGE atoms cleared.
  
 CHARMM>     
  
 CHARMM>    ! nucleic acids
 CHARMM>    open read card unit 10 name @toppar/top_all36_na.rtf
 Parameter: TOPPAR -> "/PUBHOME/QCXIA02/WORK/ESPALOMAC/EXAMPLES/SCRIPTS/UTILS/TOPPAR"
 OPNLGU> Unit already open. The old file will be closed first.
 VCLOSE: Closing unit   10 with status "KEEP"
 VOPEN> Attempting to open::/pubhome/qcxia02/work/espalomac/examples/scripts/utils/toppar/top_all36_na.rtf::
 OPNLGU> Unit 10 opened for READONLY access to /pubhome/qcxia02/work/espalomac/examples/scripts/utils/toppar/top_all36_na.rtf
  
 CHARMM>    read  rtf card unit 10 append
 MAINIO> Residue topology file being read from unit  10.
 TITLE> *  \\\\ CHARMM36 ALL-HYDROGEN NUCLEIC ACID TOPOLOGY FILE ////
 TITLE> *   ALEXANDER D. MACKERELL JR. AND COWORKERS
 TITLE> *                      APRIL 2011
 TITLE> * ALL COMMENTS TO THE CHARMM WEB SITE: WWW.CHARMM.ORG
 TITLE> *           PARAMETER SET DISCUSSION FORUM
 TITLE> *
  
 CHARMM>     
  
 CHARMM>    open read card unit 20 name @toppar/par_all36_na.prm
 Parameter: TOPPAR -> "/PUBHOME/QCXIA02/WORK/ESPALOMAC/EXAMPLES/SCRIPTS/UTILS/TOPPAR"
 OPNLGU> Unit already open. The old file will be closed first.
 VCLOSE: Closing unit   20 with status "KEEP"
 VOPEN> Attempting to open::/pubhome/qcxia02/work/espalomac/examples/scripts/utils/toppar/par_all36_na.prm::
 OPNLGU> Unit 20 opened for READONLY access to /pubhome/qcxia02/work/espalomac/examples/scripts/utils/toppar/par_all36_na.prm
  
 CHARMM>    read para card unit 20 append flex

          PARAMETER FILE BEING READ FROM UNIT 20
 TITLE> * \\\\ CHARMM36 ALL-HYDROGEN NUCLEIC ACID PARAMETER FILE ////
 TITLE> *         ALEXANDER D. MACKERELL JR. AND COWORKERS
 TITLE> *                        APRIL 2011
 TITLE> * ALL COMMENTS TO THE CHARMM WEB SITE: WWW.CHARMM.ORG PARAMETER
 TITLE> *                     SET DISCUSSION FORUM
 TITLE> *
 PARMIO> NONBOND, HBOND lists and IMAGE atoms cleared.
  
 CHARMM>     
  
 CHARMM>    ! carbohydrates
 CHARMM>    open read card unit 10 name @toppar/top_all36_carb.rtf
 Parameter: TOPPAR -> "/PUBHOME/QCXIA02/WORK/ESPALOMAC/EXAMPLES/SCRIPTS/UTILS/TOPPAR"
 OPNLGU> Unit already open. The old file will be closed first.
 VCLOSE: Closing unit   10 with status "KEEP"
 VOPEN> Attempting to open::/pubhome/qcxia02/work/espalomac/examples/scripts/utils/toppar/top_all36_carb.rtf::
 OPNLGU> Unit 10 opened for READONLY access to /pubhome/qcxia02/work/espalomac/examples/scripts/utils/toppar/top_all36_carb.rtf
  
 CHARMM>    read  rtf card unit 10 append
 MAINIO> Residue topology file being read from unit  10.
 TITLE> * $ID: TOP_ALLXX_SUGAR.INP,V 1.106 2014/08/19 19:07:43 ALEX EXP $
 TITLE> *>>>>>>>>>>>> ALL-HYDROGEN TOPOLOGIES USED IN THE <<<<<<<<<<<<<<<<
 TITLE> *>>>>> DEVELOPMENT OF THE CHARMM CARBOHYDRATE  FORCE FIELD<<<<<<<<
 TITLE> *>>>>>>>>>>>>>>>>>>>>>>>>> JUNE 2009 <<<<<<<<<<<<<<<<<<<<<<<<<<<<<
 TITLE> *>>>>>>>> DIRECT COMMENTS TO ALEXANDER D. MACKERELL JR. <<<<<<<<<<
 TITLE> *>>>>>>>>>> VIA THE CHARMM WEB SITE: WWW.CHARMM.ORG <<<<<<<<<<<<<<
 TITLE> *>>>>>>>>>>>>>>> PARAMETER SET DISCUSSION FORUM <<<<<<<<<<<<<<<<<<
 TITLE> *
  
 CHARMM>     
  
 CHARMM>    open read card unit 20 name @toppar/par_all36_carb.prm
 Parameter: TOPPAR -> "/PUBHOME/QCXIA02/WORK/ESPALOMAC/EXAMPLES/SCRIPTS/UTILS/TOPPAR"
 OPNLGU> Unit already open. The old file will be closed first.
 VCLOSE: Closing unit   20 with status "KEEP"
 VOPEN> Attempting to open::/pubhome/qcxia02/work/espalomac/examples/scripts/utils/toppar/par_all36_carb.prm::
 OPNLGU> Unit 20 opened for READONLY access to /pubhome/qcxia02/work/espalomac/examples/scripts/utils/toppar/par_all36_carb.prm
  
 CHARMM>    read para card unit 20 append flex

          PARAMETER FILE BEING READ FROM UNIT 20
 TITLE> * $ID: PAR_ALLXX_SUGAR.INP,V 1.132 2014/08/19 19:03:21 ALEX EXP $
 TITLE> *>>>>>>>>>>>> ALL-HYDROGEN PARAMETERS USED IN THE <<<<<<<<<<<<<<<<
 TITLE> *>>>>> DEVELOPMENT OF THE CHARMM CARBOHYDRATE  FORCE FIELD<<<<<<<<
 TITLE> *>>>>>>>>>>>>>>>>>>>>>>>>> JUNE 2009 <<<<<<<<<<<<<<<<<<<<<<<<<<<<<
 TITLE> *>>>>>>>> DIRECT COMMENTS TO ALEXANDER D. MACKERELL JR. <<<<<<<<<<
 TITLE> *>>>>>>>>>> VIA THE CHARMM WEB SITE: WWW.CHARMM.ORG <<<<<<<<<<<<<<
 TITLE> *>>>>>>>>>>>>>>> PARAMETER SET DISCUSSION FORUM <<<<<<<<<<<<<<<<<<
 TITLE> *
 PARMIO> NONBOND, HBOND lists and IMAGE atoms cleared.
  
 CHARMM>     
  
 CHARMM>    ! lipids
 CHARMM>    open read card unit 10 name @toppar/top_all36_lipid.rtf
 Parameter: TOPPAR -> "/PUBHOME/QCXIA02/WORK/ESPALOMAC/EXAMPLES/SCRIPTS/UTILS/TOPPAR"
 OPNLGU> Unit already open. The old file will be closed first.
 VCLOSE: Closing unit   10 with status "KEEP"
 VOPEN> Attempting to open::/pubhome/qcxia02/work/espalomac/examples/scripts/utils/toppar/top_all36_lipid.rtf::
 OPNLGU> Unit 10 opened for READONLY access to /pubhome/qcxia02/work/espalomac/examples/scripts/utils/toppar/top_all36_lipid.rtf
  
 CHARMM>    read  rtf card unit 10 append
 MAINIO> Residue topology file being read from unit  10.
 TITLE> *  \\\\\\\ CHARMM36 ALL-HYDROGEN LIPID TOPOLOGY FILE ///////
 TITLE> *  ALL COMMENTS AND QUESTIONS SHOULD BE SUBMITTED TO THE
 TITLE> *  PARAMETER FORUM AT THE CHARMM WEBSITE: WWW.CHARMM.ORG
 TITLE> *
  
 CHARMM>     
  
 CHARMM>    open read card unit 20 name @toppar/par_all36_lipid.prm
 Parameter: TOPPAR -> "/PUBHOME/QCXIA02/WORK/ESPALOMAC/EXAMPLES/SCRIPTS/UTILS/TOPPAR"
 OPNLGU> Unit already open. The old file will be closed first.
 VCLOSE: Closing unit   20 with status "KEEP"
 VOPEN> Attempting to open::/pubhome/qcxia02/work/espalomac/examples/scripts/utils/toppar/par_all36_lipid.prm::
 OPNLGU> Unit 20 opened for READONLY access to /pubhome/qcxia02/work/espalomac/examples/scripts/utils/toppar/par_all36_lipid.prm
  
 CHARMM>    read para card unit 20 append flex

          PARAMETER FILE BEING READ FROM UNIT 20
 TITLE> *  \\\\\\\ CHARMM36 ALL-HYDROGEN LIPID PARAMETER FILE ///////
 TITLE> *  ALL COMMENTS AND QUESTIONS SHOULD BE SUBMITTED TO THE
 TITLE> *  PARAMETER FORUM AT THE CHARMM WEBSITE: WWW.CHARMM.ORG
 TITLE> *
 PARMIO> NONBOND, HBOND lists and IMAGE atoms cleared.
  
 CHARMM>     
  
 CHARMM>    ! CGENFF
 CHARMM>    open read card unit 10 name @toppar/top_all36_cgenff.rtf
 Parameter: TOPPAR -> "/PUBHOME/QCXIA02/WORK/ESPALOMAC/EXAMPLES/SCRIPTS/UTILS/TOPPAR"
 OPNLGU> Unit already open. The old file will be closed first.
 VCLOSE: Closing unit   10 with status "KEEP"
 VOPEN> Attempting to open::/pubhome/qcxia02/work/espalomac/examples/scripts/utils/toppar/top_all36_cgenff.rtf::
 OPNLGU> Unit 10 opened for READONLY access to /pubhome/qcxia02/work/espalomac/examples/scripts/utils/toppar/top_all36_cgenff.rtf
  
 CHARMM>    read  rtf card unit 10 append
 MAINIO> Residue topology file being read from unit  10.
 TITLE> *  --------------------------------------------------------------------------  *
 TITLE> *          CGENFF: TOPOLOGY FOR THE CHARMM GENERAL FORCE FIELD V. 4.6          *
 TITLE> *                    FOR SMALL MOLECULE DRUG DESIGN                            *
 TITLE> *  --------------------------------------------------------------------------  *
 TITLE> *

 DRUDES PARTICLES WILL BE GENERATED AUTOMATICALLY FOR ALL ATOMS WITH NON-ZERO ALPHA
 Thole-type dipole screening, Slater-Delta shape {S(u) = 1 - (1+u/2)*exp(-u)}, default radius =  1.300000
  
 CHARMM>     
  
 CHARMM>    open read card unit 20 name @toppar/par_all36_cgenff.prm
 Parameter: TOPPAR -> "/PUBHOME/QCXIA02/WORK/ESPALOMAC/EXAMPLES/SCRIPTS/UTILS/TOPPAR"
 OPNLGU> Unit already open. The old file will be closed first.
 VCLOSE: Closing unit   20 with status "KEEP"
 VOPEN> Attempting to open::/pubhome/qcxia02/work/espalomac/examples/scripts/utils/toppar/par_all36_cgenff.prm::
 OPNLGU> Unit 20 opened for READONLY access to /pubhome/qcxia02/work/espalomac/examples/scripts/utils/toppar/par_all36_cgenff.prm
  
 CHARMM>    read para card unit 20 append flex

          PARAMETER FILE BEING READ FROM UNIT 20
 TITLE> *  --------------------------------------------------------------------------  *
 TITLE> *         CGENFF: PARAMETERS FOR THE CHARMM GENERAL FORCE FIELD V. 4.6         *
 TITLE> *                    FOR SMALL MOLECULE DRUG DESIGN                            *
 TITLE> *  --------------------------------------------------------------------------  *
 TITLE> *  2017/8: IF PROTEIN, NUCLEIC ACID AND CARBOHYDRATE TOPOLOGY AND PARAMETER FILES
 TITLE> *  ARE NOT READ PRIOR TO THE CGENFF FILES "WARNING: ATOMS IN NBFIX ' errors will
 TITLE> *  BE ENCOUNTERED.  THESE CAN BE PASSED BY SETTING BOMLEV ( -2) PRIOR TO READING
 TITLE> *  THIS FILE. IN ADDITION, WHEN GENERATING AROMATIC HALOGENS (CL, BR, I) WITH
 TITLE> *  PRE C41B/C42A VERSIONS OF CHARMM "MISSING PARAMETER" ERRORS WILL BE
 TITLE> *  ENCOUNTERED THAT ALSO REQUIRE SETTING BOMLEV ( -2).
 TITLE> *
 PARMIO> NONBOND, HBOND lists and IMAGE atoms cleared.
  
 CHARMM>     
  
 CHARMM>    ! Additional topologies and parameters for water and ions
 CHARMM>    stream @toppar/toppar_water_ions.str
 Parameter: TOPPAR -> "/PUBHOME/QCXIA02/WORK/ESPALOMAC/EXAMPLES/SCRIPTS/UTILS/TOPPAR"
 VOPEN> Attempting to open::/pubhome/qcxia02/work/espalomac/examples/scripts/utils/toppar/toppar_water_ions.str::
 OPNLGU> Unit 98 opened for READONLY access to /pubhome/qcxia02/work/espalomac/examples/scripts/utils/toppar/toppar_water_ions.str

                    INPUT STREAM SWITCHING TO UNIT    98
 RDTITL> * TOPLOGY AND PARAMETER INFORMATION FOR WATER AND IONS.
 RDTITL> *
 Parameter: IN1 <- "" <empty>
  
 CHARMM>     
  
 CHARMM>    !Testcase
 CHARMM>    !test_water_ions.inp
 CHARMM>     
  
 CHARMM>    ! IMPORTANT NOTE: this file contains NBFixes between carboxylates and sodium,
 CHARMM>    ! which will only apply if the main files containing carboxylate atom types
 CHARMM>    ! have been read in first!
 CHARMM>     
  
 CHARMM>    !references
 CHARMM>    !
 CHARMM>    !TIP3P water model
 CHARMM>    !
 CHARMM>    !W.L. Jorgensen; J.Chandrasekhar; J.D. Madura; R.W. Impey;
 CHARMM>    !M.L. Klein; "Comparison of simple potential functions for
 CHARMM>    !simulating liquid water", J. Chem. Phys. 79 926-935 (1983).
 CHARMM>    !
 CHARMM>    !IONS
 CHARMM>    !
 CHARMM>    !Ions from Roux and coworkers
 CHARMM>    !
 CHARMM>    !Beglov, D. and Roux, B., Finite Representation of an Infinite
 CHARMM>    !Bulk System: Solvent Boundary Potential for Computer Simulations,
 CHARMM>    !Journal of Chemical Physics, 1994, 100: 9050-9063
 CHARMM>    !
 CHARMM>    !ZINC
 CHARMM>    !
 CHARMM>    !Stote, R.H. and Karplus, M. Zinc Binding in Proteins and
 CHARMM>    !Solution: A Simple but Accurate Nonbonded Representation, PROTEINS:
 CHARMM>    !Structure, Function, and Genetics 23:12-31 (1995)
 CHARMM>     
  
 CHARMM>    !test "append" to determine if previous toppar files have been read and
 CHARMM>    !add append to "read rtf card" if true
 CHARMM>    set nat ?NATC
 RDCMND substituted energy or value "?NATC" to "345"
 Parameter: NAT <- "345"
  
 CHARMM>    set app
 Parameter: APP <- "" <empty>
  
 CHARMM>    !We're exploiting what is arguably a bug in the parser. On the left hand side,
 CHARMM>    !the quotes have priority, so NAT is correctly substituted. On the right hand
 CHARMM>    !side, the ? has priority and NATC" (sic) is not a valid substitution...
 CHARMM>    if "@NAT" ne "?NATC" if @nat ne 0 set app append
 Parameter: NAT -> "345"
 Parameter: NAT -> "345"
 RDCMND: can not substitute energy "?NATC""
 Comparing ""345"" and ""?NATC"".
 IF test evaluated as true.  Performing command
 Comparing "345" and "0".
 IF test evaluated as true.  Performing command
 Parameter: APP <- "APPEND"
  
 CHARMM>     
  
 CHARMM>    read rtf card @app
 Parameter: APP -> "APPEND"
 MAINIO> Residue topology file being read from unit  98.
 RDTITL> * TOPOLOGY FOR WATER AND IONS
 RDTITL> *
  
 CHARMM>     
  
 CHARMM>    read para card flex @app
 Parameter: APP -> "APPEND"

          PARAMETER FILE BEING READ FROM UNIT 98
 RDTITL> * PARAMETERS FOR WATER AND IONS
 RDTITL> *
 PARMIO> NONBOND, HBOND lists and IMAGE atoms cleared.
  
 CHARMM>     
  
 CHARMM>    ! The following section contains NBFixes for sodium interacting with
 CHARMM>    ! carboxylate oxygens of various CHARMM force fields. It will generate
 CHARMM>    ! level -1 warnings whenever any of these force fields have not been
 CHARMM>    ! read prior to the current stream file. Since we don't want to force
 CHARMM>    ! the user to always read all the force fields, we're suppressing the
 CHARMM>    ! warnings. The only side effect is that you will have "most severe
 CHARMM>    ! warning was at level 0" at the end of your output. Also note that
 CHARMM>    ! the user is responsible for reading the current file last if they
 CHARMM>    ! want the NBFixes to apply. A more elegant solution would require new
 CHARMM>    ! features to be added to CHARMM.
 CHARMM>    ! parallel fix, to avoid duplicated messages in the log
 CHARMM>    set para
 Parameter: PARA <- "" <empty>
  
 CHARMM>    if ?NUMNODE gt 1 set para node 0
 RDCMND substituted energy or value "?NUMNODE" to "1"
 Comparing "1" and "1".
 IF test evaluated as false.  Skipping command
  
 CHARMM>     
  
 CHARMM>    set wrn ?WRNLEV
 RDCMND substituted energy or value "?WRNLEV" to "5"
 Parameter: WRN <- "5"
  
 CHARMM>    ! Some versions of CHARMM don't seem to initialize wrnlev...
 CHARMM>    if "@WRN" eq "?WRNLEV" set wrn 5
 Parameter: WRN -> "5"
 RDCMND: can not substitute energy "?WRNLEV""
 Comparing ""5"" and ""?WRNLEV"".
 IF test evaluated as false.  Skipping command
  
 CHARMM>    set bom ?bomlev
 RDCMND substituted energy or value "?BOMLEV" to "0"
 Parameter: BOM <- "0"
  
 CHARMM>    WRNLEV -1 @PARA
 Parameter: PARA -> "" <empty>
  
 CHARMM>    BOMLEV -1 @PARA
 Parameter: PARA -> "" <empty>
  
 CHARMM>    read para card flex append

          PARAMETER FILE BEING READ FROM UNIT 98
 RDTITL> * NBFIX BETWEEN CARBOXYLATE AND SODIUM
 RDTITL> *
 PARMIO> NONBOND, HBOND lists and IMAGE atoms cleared.
  
 CHARMM>    BOMLEV @bom @PARA
 Parameter: BOM -> "0"
 Parameter: PARA -> "" <empty>
  
 CHARMM>    WRNLEV @wrn @PARA
 Parameter: WRN -> "5"
 Parameter: PARA -> "" <empty>
  
 CHARMM>     
  
 CHARMM>    return
 VCLOSE: Closing unit   98 with status "KEEP"

                    RETURNING TO INPUT STREAM    99
  
 CHARMM>    stream @toppar/toppar_dum_noble_gases.str
 Parameter: TOPPAR -> "/PUBHOME/QCXIA02/WORK/ESPALOMAC/EXAMPLES/SCRIPTS/UTILS/TOPPAR"
 VOPEN> Attempting to open::/pubhome/qcxia02/work/espalomac/examples/scripts/utils/toppar/toppar_dum_noble_gases.str::
 OPNLGU> Unit 98 opened for READONLY access to /pubhome/qcxia02/work/espalomac/examples/scripts/utils/toppar/toppar_dum_noble_gases.str

                    INPUT STREAM SWITCHING TO UNIT    98
 RDTITL> * TOPLOGY AND PARAMETER INFORMATION FOR HELIUM, NEON AND A DUMMY ATOM.
 RDTITL> *
 Parameter: IN1 <- "" <empty>
  
 CHARMM>     
  
 CHARMM>    !Testcase
 CHARMM>    !test_dum_nobel_gases.inp
 CHARMM>     
  
 CHARMM>    !test "append" to determine if previous	toppar files have been read and
 CHARMM>    !add append to "read rtf card" if true
 CHARMM>    set nat ?NATC
 RDCMND substituted energy or value "?NATC" to "362"
 Parameter: NAT <- "362"
  
 CHARMM>    set app
 Parameter: APP <- "" <empty>
  
 CHARMM>    !We're exploiting what is arguably a bug in the parser. On the left hand side,
 CHARMM>    !the quotes have proirity, so NAT is correctly substituted. On the right hand
 CHARMM>    !side, the ? has priority and NATC" (sic) is not a valid substitution...
 CHARMM>    if "@NAT" ne "?NATC" if @nat ne 0 set app append
 Parameter: NAT -> "362"
 Parameter: NAT -> "362"
 RDCMND: can not substitute energy "?NATC""
 Comparing ""362"" and ""?NATC"".
 IF test evaluated as true.  Performing command
 Comparing "362" and "0".
 IF test evaluated as true.  Performing command
 Parameter: APP <- "APPEND"
  
 CHARMM>     
  
 CHARMM>    read rtf card @app
 Parameter: APP -> "APPEND"
 MAINIO> Residue topology file being read from unit  98.
 RDTITL> * TOPOLOGY FOR HELIUM, NEON AND A DUMMY ATOM.
 RDTITL> *
  
 CHARMM>     
  
 CHARMM>    read para card flex @app
 Parameter: APP -> "APPEND"

          PARAMETER FILE BEING READ FROM UNIT 98
 RDTITL> * PARAMETERS FOR HELIUM, NEON AND A DUMMY ATOM.
 RDTITL> *
 PARMIO> NONBOND, HBOND lists and IMAGE atoms cleared.
  
 CHARMM>     
  
 CHARMM>    return
 VCLOSE: Closing unit   98 with status "KEEP"

                    RETURNING TO INPUT STREAM    99
  
 CHARMM>     
  
 CHARMM>    ! Additional misc topologies and parameters
 CHARMM>    !stream @toppar/toppar_amines.str
 CHARMM>    !stream @toppar/toppar_ions_won.str
 CHARMM>    !stream @toppar/toppar_cgenff_misc.str
 CHARMM>    !stream @toppar/toppar_hbond.str
 CHARMM>     
  
 VCLOSE: Closing unit   99 with status "KEEP"

                    RETURNING TO INPUT STREAM     5
  
 CHARMM>    endif
  
 CHARMM>     
  
 CHARMM>    !@str
 CHARMM>    if @?str eq 1 then
 Comparing "1" and "1".
 IF test evaluated as true.  Performing command
  
 CHARMM>       stream @str
 Parameter: STR -> "/PUBHOME/QCXIA02/WORK/ESPALOMAC/EXAMPLES/SCRIPTS/UTILS/TEST.STR"
 VOPEN> Attempting to open::/pubhome/qcxia02/work/espalomac/examples/scripts/utils/test.str::
 OPNLGU> Unit  99 cannot be opened as /PUBHOME/QCXIA02/WORK/ESPALOMAC/EXAMPLES/SCRIPTS/UTILS/TEST.STR                                                                                                                                                                                                 

      ***** LEVEL  0 WARNING FROM <OPNLGU> *****
      ***** "OPEN" not possible.
      ******************************************
      BOMLEV (  0) IS REACHED - TERMINATING. WRNLEV IS  5


                                                  
                            /---------\           
                           /           \          
                          /             \         
                         /               \        
                         !  XXXX   XXXX  !        
                         !  XXXX   XXXX  !        
                         !  XXX     XXX  !        
                         !       X       !        
                          --\   XXX   /--         
                           ! !  XXX  ! !          
                           ! !       ! !          
                           ! I I I I I !          
                           !  I I I I  !          
                            \         /           
                             --     --            
                               \---/              
                        XXX             XXX       
                       XXXX             XXXX      
                       XXXXX           XXXXX      
                          XXX         XXX         
                            XXX     XXX           
                               XXXXX              
                              XXX XXX             
                            XXX     XXX           
                          XXX         XXX         
                       XXXXX           XXXXX      
                       XXXX             XXXX      
                        XXX             XXX       
                                                  
                                                  
 Execution terminated due to the detection of a fatal error.

                    ABNORMAL TERMINATION
                    MOST SEVERE WARNING WAS AT LEVEL  0

                    $$$$$ JOB ACCOUNTING INFORMATION $$$$$
                     ELAPSED TIME:     3.72  SECONDS 
                         CPU TIME:     3.72  SECONDS 
